<?xml version="1.0" encoding="UTF-8"?>
<!-- Generated by org.testng.reporters.JUnitReportReporter -->
<testsuite hostname="DESKTOP-B0IF1F6" failures="0" tests="1" name="UI.login_test" time="6.434" errors="0" timestamp="2021-04-21T17:01:32 ICT" skipped="0">
  <testcase classname="UI.login_test" name="login" time="6.434"/>
  <system-out/>
</testsuite> <!-- UI.login_test -->
