<?xml version="1.0" encoding="UTF-8"?>
<!-- Generated by org.testng.reporters.JUnitReportReporter -->
<testsuite hostname="DESKTOP-B0IF1F6" failures="0" tests="6" name="testing.Message_test" time="37.023" errors="0" timestamp="2021-04-21T22:06:55 ICT" skipped="0">
  <testcase classname="testing.Message_test" name="Submit_Message_form_with_invalid_email_data" time="5.179"/>
  <system-out/>
  <testcase classname="testing.Message_test" name="Submit_Message_with_valid_data" time="7.543"/>
  <system-out/>
  <testcase classname="testing.Message_test" name="Submit_Message_form_with_invalid_name_data" time="5.317"/>
  <system-out/>
  <testcase classname="testing.Message_test" name="Submit_Message_form_with_invalid_subject_data" time="5.028"/>
  <system-out/>
  <testcase classname="testing.Message_test" name="Submit_Message_form_with_invalid_phone_data" time="5.162"/>
  <system-out/>
  <testcase classname="testing.Message_test" name="Submit_Message_form_with_invalid_description_data" time="8.794"/>
  <system-out/>
</testsuite> <!-- testing.Message_test -->
