<?xml version="1.0" encoding="UTF-8"?>
<!-- Generated by org.testng.reporters.JUnitReportReporter -->
<testsuite hostname="DESKTOP-B0IF1F6" failures="0" tests="1" name="testing.Booking_test" time="8.713" errors="0" timestamp="2021-04-21T20:31:32 ICT" skipped="0">
  <testcase classname="testing.Booking_test" name="login" time="8.713"/>
  <system-out/>
</testsuite> <!-- testing.Booking_test -->
