<?xml version="1.0" encoding="UTF-8"?>
<!-- Generated by org.testng.reporters.JUnitReportReporter -->
<testsuite hostname="DESKTOP-B0IF1F6" failures="0" tests="6" name="testing.Message_test" time="31.056" errors="0" timestamp="2021-04-21T21:39:58 ICT" skipped="0">
  <testcase classname="testing.Message_test" name="Submit_Message_form_with_invalid_email_data" time="5.134"/>
  <system-out/>
  <testcase classname="testing.Message_test" name="Submit_Message_form_with_invalid_phone_data" time="5.094"/>
  <system-out/>
  <testcase classname="testing.Message_test" name="Submit_Message_with_valid_data" time="5.088"/>
  <system-out/>
  <testcase classname="testing.Message_test" name="Submit_Message_form_with_invalid_description_data" time="5.595"/>
  <system-out/>
  <testcase classname="testing.Message_test" name="Submit_Message_form_with_invalid_subject_data" time="5.196"/>
  <system-out/>
  <testcase classname="testing.Message_test" name="Submit_Message_form_with_invalid_name_data" time="4.949"/>
  <system-out/>
</testsuite> <!-- testing.Message_test -->
